# JRE version: Java(TM) SE Runtime Environment (16.0.1+9) (build 16.0.1+9-24)
# Java VM: Java HotSpot(TM) 64-Bit Server VM (16.0.1+9-24, mixed mode, sharing, tiered, compressed oops, compressed class ptrs, parallel gc, windows-amd64)
GC Precious Log:
 CPUs: 8 total, 8 available
 Memory: 8043M
 Large Page Support: Disabled
 NUMA Support: Disabled
 Compressed Oops: Enabled (32-bit)
 Alignments: Space 512K, Generation 512K, Heap 2M
 Heap Min Capacity: 100M
 Heap Initial Capacity: 100M
 Heap Max Capacity: 1G
 Pre-touch: Disabled
 Parallel Workers: 8
Heap:
 PSYoungGen      total 26624K, used 18191K [0x00000000eab00000, 0x00000000ecc80000, 0x0000000100000000)
  eden space 22016K, 61% used [0x00000000eab00000,0x00000000eb8497c8,0x00000000ec080000)
  from space 4608K, 99% used [0x00000000ec080000,0x00000000ec4fa718,0x00000000ec500000)
  to   space 6144K, 0% used [0x00000000ec680000,0x00000000ec680000,0x00000000ecc80000)
 ParOldGen       total 68608K, used 30504K [0x00000000c0000000, 0x00000000c4300000, 0x00000000eab00000)
  object space 68608K, 44% used [0x00000000c0000000,0x00000000c1dca160,0x00000000c4300000)
 Metaspace       used 45251K, committed 46016K, reserved 1097728K
  class space    used 4879K, committed 5248K, reserved 1048576K
GC Heap History (20 events):
Event: 5.453 GC heap before
{Heap before GC invocations=8 (full 1):
 PSYoungGen      total 29184K, used 12467K [0x00000000eab00000, 0x00000000ecc80000, 0x0000000100000000)
  eden space 24576K, 32% used [0x00000000eab00000,0x00000000eb2e2c10,0x00000000ec300000)
  from space 4608K, 95% used [0x00000000ec800000,0x00000000ecc4a120,0x00000000ecc80000)
  to   space 4608K, 0% used [0x00000000ec380000,0x00000000ec380000,0x00000000ec800000)
 ParOldGen       total 68608K, used 11021K [0x00000000c0000000, 0x00000000c4300000, 0x00000000eab00000)
  object space 68608K, 16% used [0x00000000c0000000,0x00000000c0ac3490,0x00000000c4300000)
 Metaspace       used 34807K, committed 35456K, reserved 1081344K
  class space    used 3676K, committed 3968K, reserved 1048576K
}
Event: 5.466 GC heap after
{Heap after GC invocations=8 (full 1):
 PSYoungGen      total 29184K, used 4576K [0x00000000eab00000, 0x00000000ecd00000, 0x0000000100000000)
  eden space 24576K, 0% used [0x00000000eab00000,0x00000000eab00000,0x00000000ec300000)
  from space 4608K, 99% used [0x00000000ec380000,0x00000000ec7f8018,0x00000000ec800000)
  to   space 5120K, 0% used [0x00000000ec800000,0x00000000ec800000,0x00000000ecd00000)
 ParOldGen       total 68608K, used 11029K [0x00000000c0000000, 0x00000000c4300000, 0x00000000eab00000)
  object space 68608K, 16% used [0x00000000c0000000,0x00000000c0ac5490,0x00000000c4300000)
 Metaspace       used 34807K, committed 35456K, reserved 1081344K
  class space    used 3676K, committed 3968K, reserved 1048576K
}
Event: 5.466 GC heap before
{Heap before GC invocations=9 (full 2):
 PSYoungGen      total 29184K, used 4576K [0x00000000eab00000, 0x00000000ecd00000, 0x0000000100000000)
  eden space 24576K, 0% used [0x00000000eab00000,0x00000000eab00000,0x00000000ec300000)
  from space 4608K, 99% used [0x00000000ec380000,0x00000000ec7f8018,0x00000000ec800000)
  to   space 5120K, 0% used [0x00000000ec800000,0x00000000ec800000,0x00000000ecd00000)
 ParOldGen       total 68608K, used 11029K [0x00000000c0000000, 0x00000000c4300000, 0x00000000eab00000)
  object space 68608K, 16% used [0x00000000c0000000,0x00000000c0ac5490,0x00000000c4300000)
 Metaspace       used 34807K, committed 35456K, reserved 1081344K
  class space    used 3676K, committed 3968K, reserved 1048576K
}
Event: 5.533 GC heap after
{Heap after GC invocations=9 (full 2):
 PSYoungGen      total 29184K, used 0K [0x00000000eab00000, 0x00000000ecd00000, 0x0000000100000000)
  eden space 24576K, 0% used [0x00000000eab00000,0x00000000eab00000,0x00000000ec300000)
  from space 4608K, 0% used [0x00000000ec380000,0x00000000ec380000,0x00000000ec800000)
  to   space 5120K, 0% used [0x00000000ec800000,0x00000000ec800000,0x00000000ecd00000)
 ParOldGen       total 68608K, used 14836K [0x00000000c0000000, 0x00000000c4300000, 0x00000000eab00000)
  object space 68608K, 21% used [0x00000000c0000000,0x00000000c0e7d090,0x00000000c4300000)
 Metaspace       used 34807K, committed 35456K, reserved 1081344K
  class space    used 3676K, committed 3968K, reserved 1048576K
}
Event: 20.160 GC heap before
{Heap before GC invocations=10 (full 2):
 PSYoungGen      total 29184K, used 24571K [0x00000000eab00000, 0x00000000ecd00000, 0x0000000100000000)
  eden space 24576K, 99% used [0x00000000eab00000,0x00000000ec2fed88,0x00000000ec300000)
  from space 4608K, 0% used [0x00000000ec380000,0x00000000ec380000,0x00000000ec800000)
  to   space 5120K, 0% used [0x00000000ec800000,0x00000000ec800000,0x00000000ecd00000)
 ParOldGen       total 68608K, used 14836K [0x00000000c0000000, 0x00000000c4300000, 0x00000000eab00000)
  object space 68608K, 21% used [0x00000000c0000000,0x00000000c0e7d090,0x00000000c4300000)
 Metaspace       used 41268K, committed 41984K, reserved 1089536K
  class space    used 4481K, committed 4800K, reserved 1048576K
}
Event: 20.170 GC heap after
{Heap after GC invocations=10 (full 2):
 PSYoungGen      total 27136K, used 2890K [0x00000000eab00000, 0x00000000ecb00000, 0x0000000100000000)
  eden space 24064K, 0% used [0x00000000eab00000,0x00000000eab00000,0x00000000ec280000)
  from space 3072K, 94% used [0x00000000ec800000,0x00000000ecad28d8,0x00000000ecb00000)
  to   space 3584K, 0% used [0x00000000ec400000,0x00000000ec400000,0x00000000ec780000)
 ParOldGen       total 68608K, used 14844K [0x00000000c0000000, 0x00000000c4300000, 0x00000000eab00000)
  object space 68608K, 21% used [0x00000000c0000000,0x00000000c0e7f090,0x00000000c4300000)
 Metaspace       used 41268K, committed 41984K, reserved 1089536K
  class space    used 4481K, committed 4800K, reserved 1048576K
}
Event: 20.759 GC heap before
{Heap before GC invocations=11 (full 2):
 PSYoungGen      total 27136K, used 26954K [0x00000000eab00000, 0x00000000ecb00000, 0x0000000100000000)
  eden space 24064K, 100% used [0x00000000eab00000,0x00000000ec280000,0x00000000ec280000)
  from space 3072K, 94% used [0x00000000ec800000,0x00000000ecad28d8,0x00000000ecb00000)
  to   space 3584K, 0% used [0x00000000ec400000,0x00000000ec400000,0x00000000ec780000)
 ParOldGen       total 68608K, used 14844K [0x00000000c0000000, 0x00000000c4300000, 0x00000000eab00000)
  object space 68608K, 21% used [0x00000000c0000000,0x00000000c0e7f090,0x00000000c4300000)
 Metaspace       used 43394K, committed 44224K, reserved 1089536K
  class space    used 4707K, committed 5120K, reserved 1048576K
}
Event: 20.765 GC heap after
{Heap after GC invocations=11 (full 2):
 PSYoungGen      total 27136K, used 3560K [0x00000000eab00000, 0x00000000ecc00000, 0x0000000100000000)
  eden space 23552K, 0% used [0x00000000eab00000,0x00000000eab00000,0x00000000ec200000)
  from space 3584K, 99% used [0x00000000ec400000,0x00000000ec77a230,0x00000000ec780000)
  to   space 4608K, 0% used [0x00000000ec780000,0x00000000ec780000,0x00000000ecc00000)
 ParOldGen       total 68608K, used 16036K [0x00000000c0000000, 0x00000000c4300000, 0x00000000eab00000)
  object space 68608K, 23% used [0x00000000c0000000,0x00000000c0fa9090,0x00000000c4300000)
 Metaspace       used 43394K, committed 44224K, reserved 1089536K
  class space    used 4707K, committed 5120K, reserved 1048576K
}
Event: 20.853 GC heap before
{Heap before GC invocations=12 (full 2):
 PSYoungGen      total 27136K, used 27112K [0x00000000eab00000, 0x00000000ecc00000, 0x0000000100000000)
  eden space 23552K, 100% used [0x00000000eab00000,0x00000000ec200000,0x00000000ec200000)
  from space 3584K, 99% used [0x00000000ec400000,0x00000000ec77a230,0x00000000ec780000)
  to   space 4608K, 0% used [0x00000000ec780000,0x00000000ec780000,0x00000000ecc00000)
 ParOldGen       total 68608K, used 16036K [0x00000000c0000000, 0x00000000c4300000, 0x00000000eab00000)
  object space 68608K, 23% used [0x00000000c0000000,0x00000000c0fa9090,0x00000000c4300000)
 Metaspace       used 43574K, committed 44352K, reserved 1089536K
  class space    used 4725K, committed 5120K, reserved 1048576K
}
Event: 20.857 GC heap after
{Heap after GC invocations=12 (full 2):
 PSYoungGen      total 26112K, used 2976K [0x00000000eab00000, 0x00000000eca80000, 0x0000000100000000)
  eden space 23040K, 0% used [0x00000000eab00000,0x00000000eab00000,0x00000000ec180000)
  from space 3072K, 96% used [0x00000000ec780000,0x00000000eca68020,0x00000000eca80000)
  to   space 4096K, 0% used [0x00000000ec280000,0x00000000ec280000,0x00000000ec680000)
 ParOldGen       total 68608K, used 18642K [0x00000000c0000000, 0x00000000c4300000, 0x00000000eab00000)
  object space 68608K, 27% used [0x00000000c0000000,0x00000000c12349a8,0x00000000c4300000)
 Metaspace       used 43574K, committed 44352K, reserved 1089536K
  class space    used 4725K, committed 5120K, reserved 1048576K
}
Event: 20.921 GC heap before
{Heap before GC invocations=13 (full 2):
 PSYoungGen      total 26112K, used 26016K [0x00000000eab00000, 0x00000000eca80000, 0x0000000100000000)
  eden space 23040K, 100% used [0x00000000eab00000,0x00000000ec180000,0x00000000ec180000)
  from space 3072K, 96% used [0x00000000ec780000,0x00000000eca68020,0x00000000eca80000)
  to   space 4096K, 0% used [0x00000000ec280000,0x00000000ec280000,0x00000000ec680000)
 ParOldGen       total 68608K, used 18642K [0x00000000c0000000, 0x00000000c4300000, 0x00000000eab00000)
  object space 68608K, 27% used [0x00000000c0000000,0x00000000c12349a8,0x00000000c4300000)
 Metaspace       used 43638K, committed 44416K, reserved 1089536K
  class space    used 4736K, committed 5120K, reserved 1048576K
}
Event: 20.925 GC heap after
{Heap after GC invocations=13 (full 2):
 PSYoungGen      total 25088K, used 2432K [0x00000000eab00000, 0x00000000ec800000, 0x0000000100000000)
  eden space 22528K, 0% used [0x00000000eab00000,0x00000000eab00000,0x00000000ec100000)
  from space 2560K, 95% used [0x00000000ec280000,0x00000000ec4e0020,0x00000000ec500000)
  to   space 3072K, 0% used [0x00000000ec500000,0x00000000ec500000,0x00000000ec800000)
 ParOldGen       total 68608K, used 21476K [0x00000000c0000000, 0x00000000c4300000, 0x00000000eab00000)
  object space 68608K, 31% used [0x00000000c0000000,0x00000000c14f93c0,0x00000000c4300000)
 Metaspace       used 43638K, committed 44416K, reserved 1089536K
  class space    used 4736K, committed 5120K, reserved 1048576K
}
Event: 20.961 GC heap before
{Heap before GC invocations=14 (full 2):
 PSYoungGen      total 25088K, used 24960K [0x00000000eab00000, 0x00000000ec800000, 0x0000000100000000)
  eden space 22528K, 100% used [0x00000000eab00000,0x00000000ec100000,0x00000000ec100000)
  from space 2560K, 95% used [0x00000000ec280000,0x00000000ec4e0020,0x00000000ec500000)
  to   space 3072K, 0% used [0x00000000ec500000,0x00000000ec500000,0x00000000ec800000)
 ParOldGen       total 68608K, used 21476K [0x00000000c0000000, 0x00000000c4300000, 0x00000000eab00000)
  object space 68608K, 31% used [0x00000000c0000000,0x00000000c14f93c0,0x00000000c4300000)
 Metaspace       used 43638K, committed 44416K, reserved 1089536K
  class space    used 4736K, committed 5120K, reserved 1048576K
}
Event: 20.975 GC heap after
{Heap after GC invocations=14 (full 2):
 PSYoungGen      total 24576K, used 2080K [0x00000000eab00000, 0x00000000ec780000, 0x0000000100000000)
  eden space 22016K, 0% used [0x00000000eab00000,0x00000000eab00000,0x00000000ec080000)
  from space 2560K, 81% used [0x00000000ec500000,0x00000000ec708000,0x00000000ec780000)
  to   space 2560K, 0% used [0x00000000ec280000,0x00000000ec280000,0x00000000ec500000)
 ParOldGen       total 68608K, used 23877K [0x00000000c0000000, 0x00000000c4300000, 0x00000000eab00000)
  object space 68608K, 34% used [0x00000000c0000000,0x00000000c1751548,0x00000000c4300000)
 Metaspace       used 43638K, committed 44416K, reserved 1089536K
  class space    used 4736K, committed 5120K, reserved 1048576K
}
Event: 21.015 GC heap before
{Heap before GC invocations=15 (full 2):
 PSYoungGen      total 24576K, used 24096K [0x00000000eab00000, 0x00000000ec780000, 0x0000000100000000)
  eden space 22016K, 100% used [0x00000000eab00000,0x00000000ec080000,0x00000000ec080000)
  from space 2560K, 81% used [0x00000000ec500000,0x00000000ec708000,0x00000000ec780000)
  to   space 2560K, 0% used [0x00000000ec280000,0x00000000ec280000,0x00000000ec500000)
 ParOldGen       total 68608K, used 23877K [0x00000000c0000000, 0x00000000c4300000, 0x00000000eab00000)
  object space 68608K, 34% used [0x00000000c0000000,0x00000000c1751548,0x00000000c4300000)
 Metaspace       used 43640K, committed 44416K, reserved 1089536K
  class space    used 4736K, committed 5120K, reserved 1048576K
}
Event: 21.023 GC heap after
{Heap after GC invocations=15 (full 2):
 PSYoungGen      total 24576K, used 2240K [0x00000000eab00000, 0x00000000ec580000, 0x0000000100000000)
  eden space 22016K, 0% used [0x00000000eab00000,0x00000000eab00000,0x00000000ec080000)
  from space 2560K, 87% used [0x00000000ec280000,0x00000000ec4b0010,0x00000000ec500000)
  to   space 512K, 0% used [0x00000000ec500000,0x00000000ec500000,0x00000000ec580000)
 ParOldGen       total 68608K, used 25829K [0x00000000c0000000, 0x00000000c4300000, 0x00000000eab00000)
  object space 68608K, 37% used [0x00000000c0000000,0x00000000c1939548,0x00000000c4300000)
 Metaspace       used 43640K, committed 44416K, reserved 1089536K
  class space    used 4736K, committed 5120K, reserved 1048576K
}
Event: 21.106 GC heap before
{Heap before GC invocations=16 (full 2):
 PSYoungGen      total 24576K, used 24256K [0x00000000eab00000, 0x00000000ec580000, 0x0000000100000000)
  eden space 22016K, 100% used [0x00000000eab00000,0x00000000ec080000,0x00000000ec080000)
  from space 2560K, 87% used [0x00000000ec280000,0x00000000ec4b0010,0x00000000ec500000)
  to   space 512K, 0% used [0x00000000ec500000,0x00000000ec500000,0x00000000ec580000)
 ParOldGen       total 68608K, used 25829K [0x00000000c0000000, 0x00000000c4300000, 0x00000000eab00000)
  object space 68608K, 37% used [0x00000000c0000000,0x00000000c1939548,0x00000000c4300000)
 Metaspace       used 43675K, committed 44480K, reserved 1089536K
  class space    used 4739K, committed 5120K, reserved 1048576K
}
Event: 21.111 GC heap after
{Heap after GC invocations=16 (full 2):
 PSYoungGen      total 22528K, used 512K [0x00000000eab00000, 0x00000000ec980000, 0x0000000100000000)
  eden space 22016K, 0% used [0x00000000eab00000,0x00000000eab00000,0x00000000ec080000)
  from space 512K, 100% used [0x00000000ec500000,0x00000000ec580000,0x00000000ec580000)
  to   space 4608K, 0% used [0x00000000ec080000,0x00000000ec080000,0x00000000ec500000)
 ParOldGen       total 68608K, used 29488K [0x00000000c0000000, 0x00000000c4300000, 0x00000000eab00000)
  object space 68608K, 42% used [0x00000000c0000000,0x00000000c1ccc130,0x00000000c4300000)
 Metaspace       used 43675K, committed 44480K, reserved 1089536K
  class space    used 4739K, committed 5120K, reserved 1048576K
}
Event: 22.662 GC heap before
{Heap before GC invocations=17 (full 2):
 PSYoungGen      total 22528K, used 22528K [0x00000000eab00000, 0x00000000ec980000, 0x0000000100000000)
  eden space 22016K, 100% used [0x00000000eab00000,0x00000000ec080000,0x00000000ec080000)
  from space 512K, 100% used [0x00000000ec500000,0x00000000ec580000,0x00000000ec580000)
  to   space 4608K, 0% used [0x00000000ec080000,0x00000000ec080000,0x00000000ec500000)
 ParOldGen       total 68608K, used 29488K [0x00000000c0000000, 0x00000000c4300000, 0x00000000eab00000)
  object space 68608K, 42% used [0x00000000c0000000,0x00000000c1ccc130,0x00000000c4300000)
 Metaspace       used 45197K, committed 45952K, reserved 1097728K
  class space    used 4876K, committed 5248K, reserved 1048576K
}
Event: 22.664 GC heap after
{Heap after GC invocations=17 (full 2):
 PSYoungGen      total 26624K, used 4585K [0x00000000eab00000, 0x00000000ecc80000, 0x0000000100000000)
  eden space 22016K, 0% used [0x00000000eab00000,0x00000000eab00000,0x00000000ec080000)
  from space 4608K, 99% used [0x00000000ec080000,0x00000000ec4fa718,0x00000000ec500000)
  to   space 6144K, 0% used [0x00000000ec680000,0x00000000ec680000,0x00000000ecc80000)
 ParOldGen       total 68608K, used 30504K [0x00000000c0000000, 0x00000000c4300000, 0x00000000eab00000)
  object space 68608K, 44% used [0x00000000c0000000,0x00000000c1dca160,0x00000000c4300000)
 Metaspace       used 45197K, committed 45952K, reserved 1097728K
  class space    used 4876K, committed 5248K, reserved 1048576K
}

